Сборка начата 01.10.2015 20:16:39.
     1>Проект "d:\Дмитрий\Программы\Программирование сетевых приложений\lab4\Server\Server\Server.vcxproj" в узле 2 (целевые объекты Build).
     1>ClCompile:
         D:\VisualStudio2013\VC\bin\CL.exe /c /Zi /nologo /W3 /WX- /sdl /O2 /Oi /Oy- /GL /D WIN32 /D NDEBUG /D _CONSOLE /D _LIB /D _UNICODE /D UNICODE /Gm- /EHsc /MD /GS /Gy /fp:precise /Zc:wchar_t /Zc:forScope /Yc"stdafx.h" /Fp"Release\Server.pch" /Fo"Release\\" /Fd"Release\vc120.pdb" /Gd /TP /analyze- /errorReport:prompt stdafx.cpp
         stdafx.cpp
         D:\VisualStudio2013\VC\bin\CL.exe /c /Zi /nologo /W3 /WX- /sdl /O2 /Oi /Oy- /GL /D WIN32 /D NDEBUG /D _CONSOLE /D _LIB /D _UNICODE /D UNICODE /Gm- /EHsc /MD /GS /Gy /fp:precise /Zc:wchar_t /Zc:forScope /Yu"stdafx.h" /Fp"Release\Server.pch" /Fo"Release\\" /Fd"Release\vc120.pdb" /Gd /TP /analyze- /errorReport:prompt ErrorHandler.cpp Server.cpp ServerCore.cpp
         ErrorHandler.cpp
         Server.cpp
         ServerCore.cpp
       Link:
         D:\VisualStudio2013\VC\bin\link.exe /ERRORREPORT:PROMPT /OUT:"D:\Дмитрий\Программы\Программирование сетевых приложений\lab4\Server\Release\Server.exe" /INCREMENTAL:NO /NOLOGO kernel32.lib user32.lib gdi32.lib winspool.lib comdlg32.lib advapi32.lib shell32.lib ole32.lib oleaut32.lib uuid.lib odbc32.lib odbccp32.lib /MANIFEST /MANIFESTUAC:"level='asInvoker' uiAccess='false'" /manifest:embed /DEBUG /PDB:"D:\Дмитрий\Программы\Программирование сетевых приложений\lab4\Server\Release\Server.pdb" /SUBSYSTEM:CONSOLE /OPT:REF /OPT:ICF /LTCG /TLBID:1 /DYNAMICBASE /NXCOMPAT /IMPLIB:"D:\Дмитрий\Программы\Программирование сетевых приложений\lab4\Server\Release\Server.lib" /MACHINE:X86 /SAFESEH Release\ErrorHandler.obj
         Release\Server.obj
         Release\ServerCore.obj
         Release\stdafx.obj
         Создание кода
         Создание кода завершено
         Server.vcxproj -> D:\Дмитрий\Программы\Программирование сетевых приложений\lab4\Server\Release\Server.exe
     1>Сборка проекта "d:\Дмитрий\Программы\Программирование сетевых приложений\lab4\Server\Server\Server.vcxproj" завершена (целевые объекты Build).

Сборка успешно завершена.

Затраченное время: 00:00:03.46
